<?xml version="1.0" encoding="UTF-8"?>
<!-- Generated by org.testng.reporters.JUnitReportReporter -->
<testsuite skipped="0" hostname="Lenovo" name="org.test.Sample" tests="3" failures="0" timestamp="15 Jun 2022 05:19:47 GMT" time="0.052" errors="0">
  <testcase name="test3" time="0.004" classname="org.test.Sample"/>
  <testcase name="test1" time="0.045" classname="org.test.Sample"/>
  <testcase name="test2" time="0.003" classname="org.test.Sample"/>
</testsuite> <!-- org.test.Sample -->
