<?xml version="1.0" encoding="UTF-8"?>
<!-- Generated by org.testng.reporters.JUnitReportReporter -->
<testsuite skipped="0" hostname="Lenovo" name="org.test.B" tests="2" failures="0" timestamp="15 Jun 2022 05:43:47 GMT" time="0.059" errors="0">
  <testcase name="test2" time="0.043" classname="org.test.B"/>
  <testcase name="test3" time="0.016" classname="org.test.B"/>
</testsuite> <!-- org.test.B -->
