<?xml version="1.0" encoding="UTF-8"?>
<!-- Generated by org.testng.reporters.JUnitReportReporter -->
<testsuite skipped="0" hostname="Lenovo" name="org.test.A" tests="3" failures="0" timestamp="16 Jun 2022 04:20:13 GMT" time="0.062" errors="0">
  <testcase name="test2" time="0.016" classname="org.test.A"/>
  <testcase name="test1" time="0.031" classname="org.test.A"/>
  <testcase name="test3" time="0.015" classname="org.test.A"/>
</testsuite> <!-- org.test.A -->
