<?xml version="1.0" encoding="UTF-8"?>
<!-- Generated by org.testng.reporters.JUnitReportReporter -->
<testsuite skipped="0" hostname="Lenovo" name="org.test.C" tests="3" failures="0" timestamp="15 Jun 2022 05:42:54 GMT" time="0.071" errors="0">
  <testcase name="test3" time="0.015" classname="org.test.C"/>
  <testcase name="test1" time="0.040" classname="org.test.C"/>
  <testcase name="test2" time="0.016" classname="org.test.C"/>
</testsuite> <!-- org.test.C -->
